This is pdfTeXk, Version 3.141592-1.40.3 (Web2C 7.5.6) (format=pdfetex 2008.9.3)  15 SEP 2008 15:50
entering extended mode
 file:line:error style messages enabled.
 %&-line parsing enabled.
**./php-mode.texi
(./php-mode.texi (/usr/share/texmf/tex/texinfo/texinfo.tex
Loading texinfo [version 2007-09-03.05]:
\bindingoffset=\dimen16
\normaloffset=\dimen17
\pagewidth=\dimen18
\pageheight=\dimen19
\outerhsize=\dimen20
\outervsize=\dimen21
\cornerlong=\dimen22
\cornerthick=\dimen23
\topandbottommargin=\dimen24
\headlinebox=\box16
\footlinebox=\box17
\margin=\insert252
\EMsimple=\toks13
\groupbox=\box18
\groupinvalidhelp=\toks14
\mil=\dimen25
\exdentamount=\skip18
\inmarginspacing=\skip19
 pdf,
\tempnum=\count27
\lnkcount=\count28
\filename=\toks15
\filenamelength=\count29
\pgn=\count30
\toksA=\toks16
\toksB=\toks17
\toksC=\toks18
\toksD=\toks19
\boxA=\box19
\countA=\count31
\nopdfimagehelp=\toks20
 fonts,
\sffam=\fam8
\textleading=\dimen26
\fontdepth=\count32
 page headings,
\titlepagetopglue=\skip20
\titlepagebottomglue=\skip21
\evenheadline=\toks21
\oddheadline=\toks22
\evenfootline=\toks23
\oddfootline=\toks24
 tables,
\tableindent=\dimen27
\itemindent=\dimen28
\itemmargin=\dimen29
\itemmax=\dimen30
\itemno=\count33
\multitableparskip=\skip22
\multitableparindent=\skip23
\multitablecolspace=\dimen31
\multitablelinespace=\skip24
\colcount=\count34
\everytab=\toks25

conditionals,
\doignorecount=\count35
 indexing,
\whatsitskip=\skip25
\whatsitpenalty=\count36
\secondaryindent=\skip26
\partialpage=\box20
\doublecolumnhsize=\dimen32
 sectioning,
\unnumberedno=\count37
\chapno=\count38
\secno=\count39
\subsecno=\count40
\subsubsecno=\count41
\appendixno=\count42
\absseclevel=\count43
\secbase=\count44
\chapheadingskip=\skip27
\secheadingskip=\skip28
\subsecheadingskip=\skip29
 toc,
\tocfile=\write0
\contentsrightmargin=\skip30
\savepageno=\count45
\lastnegativepageno=\count46
\tocindent=\dimen33
 environments,
\errorbox=\box21
\lispnarrowing=\skip31
\envskipamount=\skip32
\circthick=\dimen34
\cartouter=\dimen35
\cartinner=\dimen36
\normbskip=\skip33
\normpskip=\skip34
\normlskip=\skip35
\lskip=\skip36
\rskip=\skip37
\tabw=\dimen37
 defuns,
\defbodyindent=\skip38
\defargsindent=\skip39
\deflastargmargin=\skip40
\defunpenalty=\count47
\parencount=\count48
\brackcount=\count49
 macros,
\paramno=\count50
\macname=\toks26

cross references,
\auxfile=\write1
\savesfregister=\count51
 insertions,
\footnoteno=\count52
\SAVEfootins=\box22
\SAVEmargin=\box23
\noepsfhelp=\toks27
 localization,
\nolanghelp=\toks28
\countUTFx=\count53
\countUTFy=\count54
\countUTFz=\count55
 formatting,
\defaultparindent=\dimen38

and turning on texinfo input format.) (./php-mode.aux)
\openout1 = `php-mode.aux'.

@cpindfile=@write2
@fnindfile=@write3
@vrindfile=@write4
@tpindfile=@write5
@kyindfile=@write6
@pgindfile=@write7
 [1
\openout2 = `php-mode.cp'.

\openout3 = `php-mode.fn'.

\openout4 = `php-mode.vr'.

\openout5 = `php-mode.tp'.

\openout6 = `php-mode.ky'.

\openout7 = `php-mode.pg'.

{/var/lib/texmf/fonts/map/pdftex/updmap/pdftex.map}] [2] (./php-mode.toc) [-1] 
(./php-mode.toc)
(./php-mode.toc) Chapter 1
\openout0 = `php-mode.toc'.

 Chapter 2 [1] Chapter 3 [2] Chapter 4 [3] Chapter 5
[4] Chapter 6 [5] [6] Chapter 7 [7] Chapter 8 [8] Chapter 9 [9] Chapter 10
[10] Chapter 11 [11] Chapter 12 [12] Appendix A [13] Appendix B [14]
Appendix C [15] (./fdl.texi [16] [17] [18] [19] [20] [21]) (Concept Index)
[22] (./php-mode.cps [23]) (Function Index) [24] (./php-mode.fns)
(Keyboard Index) [25] (./php-mode.kys) (Variable Index) [26] (./php-mode.vrs)
[27] ) 
Here is how much of TeX's memory you used:
 1752 strings out of 97159
 20910 string characters out of 1208397
 81041 words of memory out of 1500000
 2787 multiletter control sequences out of 10000+50000
 32127 words of font info for 112 fonts, out of 1200000 for 2000
 51 hyphenation exceptions out of 8191
 12i,6n,17p,285b,490s stack positions out of 5000i,500n,6000p,200000b,5000s
</usr/share/texmf-texlive/fonts/type1/bluesky/cm/cmbx12.pfb></usr/share/t
exmf-texlive/fonts/type1/bluesky/cm/cmcsc10.pfb></usr/share/texmf-texlive/fonts
/type1/bluesky/cm/cmmi12.pfb></usr/share/texmf-texlive/fonts/type1/bluesky/cm/c
mmi9.pfb></usr/share/texmf-texlive/fonts/type1/bluesky/cm/cmr10.pfb></usr/share
/texmf-texlive/fonts/type1/bluesky/cm/cmr7.pfb></usr/share/texmf-texlive/fonts/
type1/bluesky/cm/cmr9.pfb></usr/share/texmf-texlive/fonts/type1/bluesky/cm/cmsl
10.pfb></usr/share/texmf-texlive/fonts/type1/bluesky/cm/cmsl9.pfb></usr/share/t
exmf-texlive/fonts/type1/bluesky/cm/cmsltt10.pfb></usr/share/texmf-texlive/font
s/type1/bluesky/cm/cmsy10.pfb></usr/share/texmf-texlive/fonts/type1/bluesky/cm/
cmtt10.pfb></usr/share/texmf-texlive/fonts/type1/bluesky/cm/cmtt12.pfb></usr/sh
are/texmf-texlive/fonts/type1/bluesky/cm/cmtt9.pfb>
Output written on php-mode.pdf (30 pages, 214267 bytes).
PDF statistics:
 532 PDF objects out of 1000 (max. 8388607)
 47 named destinations out of 1000 (max. 131072)
 165 words of extra memory for PDF output out of 10000 (max. 10000000)

